<?xml version="1.0" encoding="UTF-8"?>
<!-- Generated by org.testng.reporters.JUnitXMLReporter -->
<testsuite hostname="KUL-3D3PXZ1" name="Default test" tests="2" failures="0" timestamp="7 Nov 2019 07:40:26 GMT" time="0.033" errors="0">
  <testcase name="@BeforeClass setupBrowsers" time="0.0" classname="testcases.PHOENIXLoginTest">
    <failure type="org.testng.TestNGException" message="
Parameter &amp;apos;myBrowser&amp;apos; is required by @Configuration on method setupBrowsers but has not been marked @Optional or defined
in C:\Users\kul_subbarao\AppData\Local\Temp\testng-eclipse-1419623621\testng-customsuite.xml">
      <![CDATA[org.testng.TestNGException: 
Parameter 'myBrowser' is required by @Configuration on method setupBrowsers but has not been marked @Optional or defined
in C:\Users\kul_subbarao\AppData\Local\Temp\testng-eclipse-1419623621\testng-customsuite.xml
	at org.testng.internal.Parameters.createParameters(Parameters.java:154)
	at org.testng.internal.Parameters.createParameters(Parameters.java:361)
	at org.testng.internal.Parameters.createConfigurationParameters(Parameters.java:84)
	at org.testng.internal.Invoker.invokeConfigurations(Invoker.java:201)
	at org.testng.internal.Invoker.invokeConfigurations(Invoker.java:142)
	at org.testng.internal.TestMethodWorker.invokeBeforeClassMethods(TestMethodWorker.java:178)
	at org.testng.internal.TestMethodWorker.run(TestMethodWorker.java:108)
	at org.testng.TestRunner.privateRun(TestRunner.java:782)
	at org.testng.TestRunner.run(TestRunner.java:632)
	at org.testng.SuiteRunner.runTest(SuiteRunner.java:366)
	at org.testng.SuiteRunner.runSequentially(SuiteRunner.java:361)
	at org.testng.SuiteRunner.privateRun(SuiteRunner.java:319)
	at org.testng.SuiteRunner.run(SuiteRunner.java:268)
	at org.testng.SuiteRunnerWorker.runSuite(SuiteRunnerWorker.java:52)
	at org.testng.SuiteRunnerWorker.run(SuiteRunnerWorker.java:86)
	at org.testng.TestNG.runSuitesSequentially(TestNG.java:1244)
	at org.testng.TestNG.runSuitesLocally(TestNG.java:1169)
	at org.testng.TestNG.run(TestNG.java:1064)
	at org.testng.remote.AbstractRemoteTestNG.run(AbstractRemoteTestNG.java:114)
	at org.testng.remote.RemoteTestNG.initAndRun(RemoteTestNG.java:251)
	at org.testng.remote.RemoteTestNG.main(RemoteTestNG.java:77)
]]>
    </failure>
  </testcase> <!-- @BeforeClass setupBrowsers -->
  <testcase name="@AfterClass closeSessions" time="0.0" classname="testcases.PHOENIXLoginTest">
    <skipped/>
  </testcase> <!-- @AfterClass closeSessions -->
  <testcase name="setupBrowsers" time="0.0" classname="testcases.PHOENIXLoginTest">
    <skipped/>
  </testcase> <!-- setupBrowsers -->
  <testcase name="loginToPhoenix" time="0.0" classname="testcases.PHOENIXLoginTest">
    <skipped/>
  </testcase> <!-- loginToPhoenix -->
</testsuite> <!-- Default test -->
